2026-04-03 00:34:01 | INFO | src.helpers.data_loader | [PROCESS] BTCUSDT | 15s
2026-04-03 00:34:11 | ERROR | src.helpers.data_loader | [FILE ERROR] /home/harsh-bansal/Downloads/hist-coins-data/BTCUSDT/BTCUSDT_15s.parquet | Unable to find a usable engine; tried using: 'pyarrow', 'fastparquet'.
A suitable version of pyarrow or fastparquet is required for parquet support.
Trying to import the above resulted in these errors:
 - `Import pyarrow` failed. pyarrow is required for parquet support. Use pip or conda to install the pyarrow package.
 - `Import fastparquet` failed. fastparquet is required for parquet support. Use pip or conda to install the fastparquet package.
2026-04-03 00:41:26 | INFO | src.helpers.data_loader | [PROCESS] BTCUSDT | 15s
2026-04-03 00:41:40 | ERROR | src.helpers.data_loader | [REDIS ERROR] BTCUSDT:15s | 'async_generator' object has no attribute 'lrange'
2026-04-03 00:42:20 | ERROR | src.helpers.data_loader | [REDIS ERROR] BTCUSDT:15s | 'async_generator' object has no attribute 'lrange'
2026-04-03 00:49:08 | INFO | src.helpers.data_loader | [PROCESS] BTCUSDT | 15s
2026-04-03 00:51:07 | INFO | src.helpers.data_loader | [PROCESS] BTCUSDT | 15s
2026-04-03 00:51:07 | INFO | src.helpers.data_loader | [SUCCESS] BTCUSDT | 15s | rows=388
2026-04-03 00:53:05 | INFO | src.helpers.data_loader | [PROCESS] BTCUSDT | 15s
2026-04-03 12:44:54 | INFO | src.helpers.data_loader | [PROCESS] BTCUSDT | 15s
2026-04-03 12:47:52 | INFO | src.helpers.data_loader | [DF VALIDATION] latest=1774960410 current=1775200672 delay=240262s
2026-04-03 12:47:52 | WARNING | src.helpers.data_loader | [DF STALE] delay=240262s > allowed=90000s
2026-04-03 12:48:29 | WARNING | src.helpers.data_loader | [NO DATA] BTCUSDT | 15s
2026-04-12 04:35:13 | INFO | src.helpers.data_loader | [WORKER START] BTCUSDT | 1h
2026-04-12 04:35:22 | INFO | src.helpers.data_loader | [PROCESS] BTCUSDT | 1h
2026-04-12 04:35:23 | INFO | src.helpers.data_loader | [DF VALIDATION] latest=1775926800 current=1775948723 delay=21923s
2026-04-12 04:35:23 | INFO | src.helpers.data_loader | [SUCCESS] BTCUSDT | 1h | rows=10000
2026-04-12 04:36:18 | INFO | src.helpers.data_loader | [WORKER START] BTCUSDT | 1h
2026-04-12 04:36:18 | INFO | src.helpers.data_loader | [PROCESS] BTCUSDT | 1h
2026-04-12 04:36:18 | INFO | src.helpers.data_loader | [DF VALIDATION] latest=1775926800 current=1775948778 delay=21978s
2026-04-12 04:36:18 | INFO | src.helpers.data_loader | [SUCCESS] BTCUSDT | 1h | rows=10000
2026-04-12 04:51:09 | INFO | src.helpers.data_loader | [MULTI TF START] BTCUSDT | ['15s', '30s', '1m', '3m', '5m', '15m', '30m', '1h']
2026-04-12 04:52:21 | INFO | src.helpers.data_loader | [WORKER START] BTCUSDT | 15s
2026-04-12 04:52:21 | INFO | src.helpers.data_loader | [PROCESS] BTCUSDT | 15s
2026-04-12 04:52:21 | INFO | src.helpers.data_loader | [DF VALIDATION] latest=1775949660 current=1775949741 delay=81s
2026-04-12 04:52:21 | INFO | src.helpers.data_loader | [DF VALIDATION] latest=1775949720 current=1775949741 delay=21s
2026-04-12 04:52:21 | INFO | src.helpers.data_loader | [SUCCESS] BTCUSDT | 15s | rows=92
2026-04-12 04:52:21 | INFO | src.helpers.data_loader | [WORKER START] BTCUSDT | 30s
2026-04-12 04:52:21 | INFO | src.helpers.data_loader | [PROCESS] BTCUSDT | 30s
2026-04-12 04:52:21 | ERROR | src.helpers.data_loader | [REDIS ERROR] BTCUSDT:30s | Event loop is closed
2026-04-12 04:52:21 | INFO | src.helpers.data_loader | [DF VALIDATION] latest=1775949630 current=1775949741 delay=111s
2026-04-12 04:52:21 | INFO | src.helpers.data_loader | [SUCCESS] BTCUSDT | 30s | rows=44
2026-04-12 04:52:21 | INFO | src.helpers.data_loader | [WORKER START] BTCUSDT | 1m
2026-04-12 04:52:21 | INFO | src.helpers.data_loader | [PROCESS] BTCUSDT | 1m
2026-04-12 04:52:21 | INFO | src.helpers.data_loader | [DF VALIDATION] latest=1775949600 current=1775949741 delay=141s
2026-04-12 04:52:21 | INFO | src.helpers.data_loader | [DF VALIDATION] latest=1775949660 current=1775949741 delay=81s
2026-04-12 04:52:21 | INFO | src.helpers.data_loader | [SUCCESS] BTCUSDT | 1m | rows=10355
2026-04-12 04:52:21 | INFO | src.helpers.data_loader | [WORKER START] BTCUSDT | 3m
2026-04-12 04:52:21 | INFO | src.helpers.data_loader | [PROCESS] BTCUSDT | 3m
2026-04-12 04:52:21 | ERROR | src.helpers.data_loader | [REDIS ERROR] BTCUSDT:3m | Event loop is closed
2026-04-12 04:52:21 | INFO | src.helpers.data_loader | [DF VALIDATION] latest=1775949480 current=1775949741 delay=261s
2026-04-12 04:52:21 | INFO | src.helpers.data_loader | [SUCCESS] BTCUSDT | 3m | rows=10117
2026-04-12 04:52:21 | INFO | src.helpers.data_loader | [WORKER START] BTCUSDT | 5m
2026-04-12 04:52:21 | INFO | src.helpers.data_loader | [PROCESS] BTCUSDT | 5m
2026-04-12 04:52:21 | INFO | src.helpers.data_loader | [DF VALIDATION] latest=1775949300 current=1775949741 delay=441s
2026-04-12 04:52:21 | INFO | src.helpers.data_loader | [DF VALIDATION] latest=1775949300 current=1775949741 delay=441s
2026-04-12 04:52:21 | WARNING | src.helpers.data_loader | [DF STALE] delay=441s > allowed=120s
2026-04-12 04:52:21 | INFO | src.helpers.data_loader | [SUCCESS] BTCUSDT | 5m | rows=10069
2026-04-12 04:52:21 | INFO | src.helpers.data_loader | [WORKER START] BTCUSDT | 15m
2026-04-12 04:52:21 | INFO | src.helpers.data_loader | [PROCESS] BTCUSDT | 15m
2026-04-12 04:52:21 | ERROR | src.helpers.data_loader | [REDIS ERROR] BTCUSDT:15m | Event loop is closed
2026-04-12 04:52:21 | INFO | src.helpers.data_loader | [DF VALIDATION] latest=1775948400 current=1775949741 delay=1341s
2026-04-12 04:52:21 | INFO | src.helpers.data_loader | [SUCCESS] BTCUSDT | 15m | rows=10022
2026-04-12 04:52:21 | INFO | src.helpers.data_loader | [WORKER START] BTCUSDT | 30m
2026-04-12 04:52:21 | INFO | src.helpers.data_loader | [PROCESS] BTCUSDT | 30m
2026-04-12 04:52:21 | INFO | src.helpers.data_loader | [DF VALIDATION] latest=1775946600 current=1775949741 delay=3141s
2026-04-12 04:52:21 | INFO | src.helpers.data_loader | [DF VALIDATION] latest=1775946600 current=1775949741 delay=3141s
2026-04-12 04:52:21 | WARNING | src.helpers.data_loader | [DF STALE] delay=3141s > allowed=120s
2026-04-12 04:52:21 | INFO | src.helpers.data_loader | [SUCCESS] BTCUSDT | 30m | rows=10010
2026-04-12 04:52:21 | INFO | src.helpers.data_loader | [WORKER START] BTCUSDT | 1h
2026-04-12 04:52:21 | INFO | src.helpers.data_loader | [PROCESS] BTCUSDT | 1h
2026-04-12 04:52:21 | ERROR | src.helpers.data_loader | [REDIS ERROR] BTCUSDT:1h | Event loop is closed
2026-04-12 04:52:21 | INFO | src.helpers.data_loader | [DF VALIDATION] latest=1775926800 current=1775949741 delay=22941s
2026-04-12 04:52:21 | INFO | src.helpers.data_loader | [SUCCESS] BTCUSDT | 1h | rows=10000
2026-04-12 04:52:27 | INFO | src.helpers.data_loader | [MULTI TF DONE] BTCUSDT
2026-04-12 18:20:06 | INFO | src.helpers.data_loader | [MULTI TF START] BTCUSDT | ['1m', '5m', '15m']
2026-04-12 18:21:20 | INFO | src.helpers.data_loader | [WORKER START] BTCUSDT | 1m
2026-04-12 18:21:21 | INFO | src.helpers.data_loader | [WORKER START] BTCUSDT | 5m
2026-04-12 18:21:21 | INFO | src.helpers.data_loader | [WORKER START] BTCUSDT | 15m
2026-04-12 18:21:25 | INFO | src.helpers.data_loader | [PROCESS] BTCUSDT | 1m
2026-04-12 18:21:25 | ERROR | src.helpers.data_loader | [REDIS ERROR] BTCUSDT:1m | Task <Task pending name='Task-2' coro=<_worker() running at /home/harsh-bansal/JAIGIRRAJDHARAN/ai-trade-insights-project/src/helpers/data_loader.py:198> cb=[_run_until_complete_cb() at /usr/local/lib/python3.13/asyncio/base_events.py:182]> got Future <Future pending> attached to a different loop
2026-04-12 18:21:25 | INFO | src.helpers.data_loader | [DF VALIDATION] latest=1775949720 current=1775998285 delay=48565s
2026-04-12 18:21:25 | INFO | src.helpers.data_loader | [SUCCESS] BTCUSDT | 1m | rows=10000
2026-04-12 18:21:29 | INFO | src.helpers.data_loader | [PROCESS] BTCUSDT | 5m
2026-04-12 18:21:29 | ERROR | src.helpers.data_loader | [REDIS ERROR] BTCUSDT:5m | Task <Task pending name='Task-2' coro=<_worker() running at /home/harsh-bansal/JAIGIRRAJDHARAN/ai-trade-insights-project/src/helpers/data_loader.py:198> cb=[_run_until_complete_cb() at /usr/local/lib/python3.13/asyncio/base_events.py:182]> got Future <Future pending> attached to a different loop
2026-04-12 18:21:29 | INFO | src.helpers.data_loader | [DF VALIDATION] latest=1775949300 current=1775998289 delay=48989s
2026-04-12 18:21:29 | INFO | src.helpers.data_loader | [SUCCESS] BTCUSDT | 5m | rows=10000
2026-04-12 18:21:32 | INFO | src.helpers.data_loader | [PROCESS] BTCUSDT | 15m
2026-04-12 18:21:33 | ERROR | src.helpers.data_loader | [REDIS ERROR] BTCUSDT:15m | Task <Task pending name='Task-2' coro=<_worker() running at /home/harsh-bansal/JAIGIRRAJDHARAN/ai-trade-insights-project/src/helpers/data_loader.py:198> cb=[_run_until_complete_cb() at /usr/local/lib/python3.13/asyncio/base_events.py:182]> got Future <Future pending> attached to a different loop
2026-04-12 18:21:33 | INFO | src.helpers.data_loader | [DF VALIDATION] latest=1775948400 current=1775998293 delay=49893s
2026-04-12 18:21:33 | INFO | src.helpers.data_loader | [SUCCESS] BTCUSDT | 15m | rows=10000
2026-04-12 18:21:34 | INFO | src.helpers.data_loader | [MULTI TF DONE] BTCUSDT
2026-04-12 19:09:31 | INFO | src.helpers.data_loader | [MULTI TF START] BTCUSDT | ['1m', '5m', '15m']
2026-04-12 19:09:32 | INFO | src.helpers.data_loader | [WORKER START] BTCUSDT | 1m
2026-04-12 19:09:32 | INFO | src.helpers.data_loader | [PROCESS] BTCUSDT | 1m
2026-04-12 19:09:32 | ERROR | src.helpers.data_loader | [REDIS ERROR] BTCUSDT:1m | Task <Task pending name='Task-2' coro=<_worker() running at /home/harsh-bansal/JAIGIRRAJDHARAN/ai-trade-insights-project/src/helpers/data_loader.py:198> cb=[_run_until_complete_cb() at /usr/local/lib/python3.13/asyncio/base_events.py:182]> got Future <Future pending> attached to a different loop
2026-04-12 19:09:32 | INFO | src.helpers.data_loader | [DF VALIDATION] latest=1775949720 current=1776001172 delay=51452s
2026-04-12 19:09:32 | INFO | src.helpers.data_loader | [SUCCESS] BTCUSDT | 1m | rows=10000
2026-04-12 19:09:32 | INFO | src.helpers.data_loader | [WORKER START] BTCUSDT | 5m
2026-04-12 19:09:32 | INFO | src.helpers.data_loader | [PROCESS] BTCUSDT | 5m
2026-04-12 19:09:32 | INFO | src.helpers.data_loader | [DF VALIDATION] latest=1775949300 current=1776001172 delay=51872s
2026-04-12 19:09:32 | INFO | src.helpers.data_loader | [SUCCESS] BTCUSDT | 5m | rows=10000
2026-04-12 19:09:32 | INFO | src.helpers.data_loader | [WORKER START] BTCUSDT | 15m
2026-04-12 19:09:32 | INFO | src.helpers.data_loader | [PROCESS] BTCUSDT | 15m
2026-04-12 19:09:32 | ERROR | src.helpers.data_loader | [REDIS ERROR] BTCUSDT:15m | Event loop is closed
2026-04-12 19:09:32 | INFO | src.helpers.data_loader | [DF VALIDATION] latest=1775948400 current=1776001172 delay=52772s
2026-04-12 19:09:32 | INFO | src.helpers.data_loader | [SUCCESS] BTCUSDT | 15m | rows=10000
2026-04-12 19:09:39 | INFO | src.helpers.data_loader | [MULTI TF DONE] BTCUSDT
2026-04-13 02:09:11 | INFO | src.helpers.data_loader | [MULTI TF START] BTCUSDT | ['1m', '5m', '15m']
2026-04-13 02:09:32 | INFO | src.helpers.data_loader | [WORKER START] BTCUSDT | 1m
2026-04-13 02:10:05 | INFO | src.helpers.data_loader | [PROCESS] BTCUSDT | 1m
2026-04-13 02:12:55 | INFO | src.helpers.data_loader | [DF VALIDATION] latest=1775949720 current=1776026565 delay=76845s
2026-04-13 02:25:45 | INFO | src.helpers.data_loader | [MULTI TF DATA LOADING START] BTCUSDT | ['1m', '5m', '15m']
2026-04-13 02:25:45 | INFO | src.helpers.data_loader | [DATA LOADER WORKER START] BTCUSDT | 1m
2026-04-13 02:25:51 | INFO | src.helpers.data_loader | [PROCESS LOADING DATA] BTCUSDT | 1m
2026-04-13 02:26:41 | INFO | src.helpers.data_loader | [DF VALIDATION] latest=1775949720 current=1776027401 delay=77681s
2026-04-13 02:26:45 | WARNING | src.helpers.data_loader | [STRICT FALLBACK] Redis missing, enforcing strict recency on file for BTCUSDT
2026-04-13 02:26:46 | INFO | src.helpers.data_loader | [DF VALIDATION] latest=1775949720 current=1776027406 delay=77686s
2026-04-13 02:26:46 | WARNING | src.helpers.data_loader | [DF STALE] delay=77686s > allowed=120s
2026-04-13 02:26:49 | WARNING | src.helpers.data_loader | [NO DATA] BTCUSDT | 1m
2026-04-13 02:56:41 | INFO | src.helpers.data_loader | [MULTI TF DATA LOADING START] BTCUSDT | ['1m', '5m', '15m']
2026-04-13 02:56:41 | INFO | src.helpers.data_loader | [DATA LOADER WORKER START] BTCUSDT | 1m
2026-04-13 02:57:28 | INFO | src.helpers.data_loader | [MULTI TF DATA LOADING START] BTCUSDT | ['1m', '5m', '15m']
2026-04-13 02:57:28 | INFO | src.helpers.data_loader | [DATA LOADER WORKER START] BTCUSDT | 1m
2026-04-13 02:57:32 | INFO | src.helpers.data_loader | [PROCESS LOADING DATA] BTCUSDT | 1m
2026-04-13 02:57:45 | INFO | src.helpers.data_loader | [DF VALIDATION] latest=1775949720 current=1776029265 delay=79545s
2026-04-13 02:57:45 | WARNING | src.helpers.data_loader | [DF STALE] delay=79545s > allowed=120s
2026-04-13 02:58:32 | INFO | src.helpers.data_loader | [DF VALIDATION] latest=1775949720 current=1776029310 delay=79590s
2026-04-13 02:59:05 | INFO | src.helpers.data_loader | [DF VALIDATION] latest=1775949720 current=1776029345 delay=79625s
2026-04-13 02:59:05 | WARNING | src.helpers.data_loader | [DF STALE] delay=79625s > allowed=120s
2026-04-13 02:59:40 | INFO | src.helpers.data_loader | [DF VALIDATION] latest=1775949720 current=1776029380 delay=79660s
2026-04-13 02:59:40 | WARNING | src.helpers.data_loader | [DF STALE] delay=79660s > allowed=120s
2026-04-13 02:59:56 | INFO | src.helpers.data_loader | [DF VALIDATION] latest=1775949720 current=1776029393 delay=79673s
2026-04-13 03:00:08 | INFO | src.helpers.data_loader | [SUCCESS] BTCUSDT | 1m | rows=10000
2026-04-13 03:00:23 | INFO | src.helpers.data_loader | [DATA LOADER WORKER START] BTCUSDT | 5m
2026-04-13 03:00:23 | INFO | src.helpers.data_loader | [PROCESS LOADING DATA] BTCUSDT | 5m
2026-04-13 03:00:23 | INFO | src.helpers.data_loader | [DF VALIDATION] latest=1775949300 current=1776029423 delay=80123s
2026-04-13 03:00:23 | WARNING | src.helpers.data_loader | [DF STALE] delay=80123s > allowed=120s
2026-04-13 03:00:23 | WARNING | src.helpers.data_loader | [NO DATA] BTCUSDT | 5m
2026-04-13 03:00:23 | INFO | src.helpers.data_loader | [DATA LOADER WORKER START] BTCUSDT | 15m
2026-04-13 03:00:23 | INFO | src.helpers.data_loader | [PROCESS LOADING DATA] BTCUSDT | 15m
2026-04-13 03:00:23 | INFO | src.helpers.data_loader | [DF VALIDATION] latest=1775948400 current=1776029423 delay=81023s
2026-04-13 03:00:23 | WARNING | src.helpers.data_loader | [DF STALE] delay=81023s > allowed=120s
2026-04-13 03:00:23 | WARNING | src.helpers.data_loader | [NO DATA] BTCUSDT | 15m
2026-04-13 03:01:17 | INFO | src.helpers.data_loader | [MULTI TF DATA LOADING START] BTCUSDT | ['1m', '5m', '15m']
2026-04-13 03:01:17 | INFO | src.helpers.data_loader | [DATA LOADER WORKER START] BTCUSDT | 1m
2026-04-13 03:01:17 | INFO | src.helpers.data_loader | [PROCESS LOADING DATA] BTCUSDT | 1m
2026-04-13 03:01:17 | INFO | src.helpers.data_loader | [DF VALIDATION] latest=1775949720 current=1776029477 delay=79757s
2026-04-13 03:01:17 | WARNING | src.helpers.data_loader | [DF STALE] delay=79757s > allowed=120s
2026-04-13 03:01:17 | WARNING | src.helpers.data_loader | [NO DATA] BTCUSDT | 1m
2026-04-13 03:01:17 | INFO | src.helpers.data_loader | [DATA LOADER WORKER START] BTCUSDT | 5m
2026-04-13 03:01:17 | INFO | src.helpers.data_loader | [PROCESS LOADING DATA] BTCUSDT | 5m
2026-04-13 03:01:17 | INFO | src.helpers.data_loader | [DF VALIDATION] latest=1775949300 current=1776029477 delay=80177s
2026-04-13 03:01:17 | WARNING | src.helpers.data_loader | [DF STALE] delay=80177s > allowed=120s
2026-04-13 03:01:17 | WARNING | src.helpers.data_loader | [NO DATA] BTCUSDT | 5m
2026-04-13 03:01:17 | INFO | src.helpers.data_loader | [DATA LOADER WORKER START] BTCUSDT | 15m
2026-04-13 03:01:17 | INFO | src.helpers.data_loader | [PROCESS LOADING DATA] BTCUSDT | 15m
2026-04-13 03:01:17 | INFO | src.helpers.data_loader | [DF VALIDATION] latest=1775948400 current=1776029477 delay=81077s
2026-04-13 03:01:17 | WARNING | src.helpers.data_loader | [DF STALE] delay=81077s > allowed=120s
2026-04-13 03:01:17 | WARNING | src.helpers.data_loader | [NO DATA] BTCUSDT | 15m
2026-04-13 03:01:22 | INFO | src.helpers.data_loader | [MULTI TF DATA LOADING DONE] BTCUSDT
2026-04-13 04:30:23 | INFO | src.helpers.data_loader | [MULTI TF START] BTCUSDT | ['1m', '5m', '15m']
2026-04-13 04:30:30 | INFO | src.helpers.data_loader | [WORKER START] BTCUSDT | 1m | pid=14471
2026-04-13 04:30:30 | INFO | src.helpers.data_loader | [PROCESS LOADING DATA] BTCUSDT | 1m
2026-04-13 04:30:34 | ERROR | src.helpers.data_loader | [REDIS ERROR] BTCUSDT:1m | 'NoneType' object has no attribute 'lrange'
Traceback (most recent call last):
  File "/home/harsh-bansal/JAIGIRRAJDHARAN/ai-trade-insights-project/src/helpers/data_loader.py", line 115, in _load_from_redis
    raw_items = self.redis_client.lrange(key, 0, -1)
                ^^^^^^^^^^^^^^^^^^^^^^^^
AttributeError: 'NoneType' object has no attribute 'lrange'
2026-04-13 04:31:19 | INFO | src.helpers.data_loader | [MULTI TF START] BTCUSDT | ['1m', '5m', '15m']
2026-04-13 04:31:19 | INFO | src.helpers.data_loader | [WORKER START] BTCUSDT | 1m | pid=14661
2026-04-13 04:34:08 | INFO | src.helpers.data_loader | [WORKER INIT] Redis ready | pid=14815
2026-04-13 04:34:16 | INFO | src.helpers.data_loader | [MULTI TF START] BTCUSDT | ['1m', '5m', '15m']
2026-04-13 04:34:21 | INFO | src.helpers.data_loader | [WORKER START] BTCUSDT | 1m | pid=14815
2026-04-13 04:34:26 | INFO | src.helpers.data_loader | [PROCESS LOADING DATA] BTCUSDT | 1m
2026-04-13 04:35:09 | INFO | src.helpers.data_loader | [WORKER START] BTCUSDT | 5m | pid=14815
2026-04-13 04:35:11 | INFO | src.helpers.data_loader | [PROCESS LOADING DATA] BTCUSDT | 5m
2026-04-13 04:35:15 | INFO | src.helpers.data_loader | [DF VALIDATION] latest=1775949300 current=1776035115 delay=85815s
2026-04-13 04:35:15 | WARNING | src.helpers.data_loader | [DF STALE] delay=85815s > allowed=120s
2026-04-13 04:36:19 | INFO | src.helpers.data_loader | [WORKER START] BTCUSDT | 15m | pid=14815
2026-04-13 04:36:21 | INFO | src.helpers.data_loader | [PROCESS LOADING DATA] BTCUSDT | 15m
2026-04-13 04:36:28 | INFO | src.helpers.data_loader | [DF VALIDATION] latest=1775948400 current=1776035188 delay=86788s
2026-04-13 04:36:28 | WARNING | src.helpers.data_loader | [DF STALE] delay=86788s > allowed=120s
2026-04-13 04:36:44 | INFO | src.helpers.data_loader | [DF VALIDATION] latest=1775948400 current=1776035204 delay=86804s
2026-04-13 04:36:44 | WARNING | src.helpers.data_loader | [DF STALE] delay=86804s > allowed=120s
2026-04-13 04:37:22 | INFO | src.helpers.data_loader | [MULTI TF DONE] BTCUSDT | results=3
2026-04-13 04:37:40 | INFO | src.services.analysis | [ASSEMBLE REPORT] symbol=BTCUSDT
2026-04-13 04:38:05 | INFO | src.services.analysis | [BUILD TF FEATURES] BTCUSDT | 1m
2026-04-13 04:38:20 | ERROR | src.services.analysis | [TF FEATURE ERROR] 'ema20'
Traceback (most recent call last):
  File "/home/harsh-bansal/JAIGIRRAJDHARAN/ai-trade-insights-project/.venv/lib/python3.13/site-packages/pandas/core/indexes/base.py", line 3641, in get_loc
    return self._engine.get_loc(casted_key)
           ~~~~~~~~~~~~~~~~~~~~^^^^^^^^^^^^
  File "pandas/_libs/index.pyx", line 168, in pandas._libs.index.IndexEngine.get_loc
  File "pandas/_libs/index.pyx", line 197, in pandas._libs.index.IndexEngine.get_loc
  File "pandas/_libs/hashtable_class_helper.pxi", line 7668, in pandas._libs.hashtable.PyObjectHashTable.get_item
  File "pandas/_libs/hashtable_class_helper.pxi", line 7676, in pandas._libs.hashtable.PyObjectHashTable.get_item
KeyError: 'ema20'

The above exception was the direct cause of the following exception:

Traceback (most recent call last):
  File "/home/harsh-bansal/JAIGIRRAJDHARAN/ai-trade-insights-project/src/services/analysis.py", line 217, in build_timeframe_features
    trend = get_trend(df)
  File "/home/harsh-bansal/JAIGIRRAJDHARAN/ai-trade-insights-project/src/helpers/indicator_features.py", line 5, in get_trend
    ema20 = df["ema20"].iloc[-1]
            ~~^^^^^^^^^
  File "/home/harsh-bansal/JAIGIRRAJDHARAN/ai-trade-insights-project/.venv/lib/python3.13/site-packages/pandas/core/frame.py", line 4378, in __getitem__
    indexer = self.columns.get_loc(key)
  File "/home/harsh-bansal/JAIGIRRAJDHARAN/ai-trade-insights-project/.venv/lib/python3.13/site-packages/pandas/core/indexes/base.py", line 3648, in get_loc
    raise KeyError(key) from err
KeyError: 'ema20'
2026-04-13 04:38:20 | ERROR | src.services.analysis | [TF BUILD ERROR] BTCUSDT | 1m | 'ema20'
Traceback (most recent call last):
  File "/home/harsh-bansal/JAIGIRRAJDHARAN/ai-trade-insights-project/.venv/lib/python3.13/site-packages/pandas/core/indexes/base.py", line 3641, in get_loc
    return self._engine.get_loc(casted_key)
           ~~~~~~~~~~~~~~~~~~~~^^^^^^^^^^^^
  File "pandas/_libs/index.pyx", line 168, in pandas._libs.index.IndexEngine.get_loc
  File "pandas/_libs/index.pyx", line 197, in pandas._libs.index.IndexEngine.get_loc
  File "pandas/_libs/hashtable_class_helper.pxi", line 7668, in pandas._libs.hashtable.PyObjectHashTable.get_item
  File "pandas/_libs/hashtable_class_helper.pxi", line 7676, in pandas._libs.hashtable.PyObjectHashTable.get_item
KeyError: 'ema20'

The above exception was the direct cause of the following exception:

Traceback (most recent call last):
  File "/home/harsh-bansal/JAIGIRRAJDHARAN/ai-trade-insights-project/src/services/analysis.py", line 185, in assemble_report
    tf_features[tf] = build_timeframe_features(result["df"], mode)
                      ~~~~~~~~~~~~~~~~~~~~~~~~^^^^^^^^^^^^^^^^^^^^
  File "/home/harsh-bansal/JAIGIRRAJDHARAN/ai-trade-insights-project/src/services/analysis.py", line 217, in build_timeframe_features
    trend = get_trend(df)
  File "/home/harsh-bansal/JAIGIRRAJDHARAN/ai-trade-insights-project/src/helpers/indicator_features.py", line 5, in get_trend
    ema20 = df["ema20"].iloc[-1]
            ~~^^^^^^^^^
  File "/home/harsh-bansal/JAIGIRRAJDHARAN/ai-trade-insights-project/.venv/lib/python3.13/site-packages/pandas/core/frame.py", line 4378, in __getitem__
    indexer = self.columns.get_loc(key)
  File "/home/harsh-bansal/JAIGIRRAJDHARAN/ai-trade-insights-project/.venv/lib/python3.13/site-packages/pandas/core/indexes/base.py", line 3648, in get_loc
    raise KeyError(key) from err
KeyError: 'ema20'
2026-04-13 04:55:52 | INFO | src.helpers.data_loader | [WORKER INIT] Redis ready | pid=16078
2026-04-13 04:55:52 | INFO | src.helpers.data_loader | [MULTI TF START] BTCUSDT | ['1m', '5m', '15m']
2026-04-13 04:55:52 | INFO | src.helpers.data_loader | [WORKER START] BTCUSDT | 1m | pid=16078
2026-04-13 04:55:52 | INFO | src.helpers.data_loader | [PROCESS LOADING DATA] BTCUSDT | 1m
2026-04-13 04:56:02 | INFO | src.helpers.data_loader | [WORKER INIT] Redis ready | pid=16342
2026-04-13 04:56:02 | INFO | src.helpers.data_loader | [MULTI TF START] BTCUSDT | ['1m', '5m', '15m']
2026-04-13 04:56:02 | INFO | src.helpers.data_loader | [WORKER START] BTCUSDT | 1m | pid=16342
2026-04-13 04:56:02 | INFO | src.helpers.data_loader | [PROCESS LOADING DATA] BTCUSDT | 1m
2026-04-13 04:56:02 | INFO | src.helpers.data_loader | [DF VALIDATION] latest=1775949720 current=1776036362 delay=86642s
2026-04-13 04:56:02 | WARNING | src.helpers.data_loader | [DF STALE] delay=86642s > allowed=120s
2026-04-13 04:56:02 | WARNING | src.helpers.data_loader | [NO DATA] BTCUSDT | 1m
2026-04-13 04:56:02 | INFO | src.helpers.data_loader | [WORKER START] BTCUSDT | 5m | pid=16342
2026-04-13 04:56:02 | INFO | src.helpers.data_loader | [PROCESS LOADING DATA] BTCUSDT | 5m
2026-04-13 04:56:02 | INFO | src.helpers.data_loader | [DF VALIDATION] latest=1775949300 current=1776036362 delay=87062s
2026-04-13 04:56:02 | WARNING | src.helpers.data_loader | [DF STALE] delay=87062s > allowed=120s
2026-04-13 04:56:02 | WARNING | src.helpers.data_loader | [NO DATA] BTCUSDT | 5m
2026-04-13 04:56:02 | INFO | src.helpers.data_loader | [WORKER START] BTCUSDT | 15m | pid=16342
2026-04-13 04:56:02 | INFO | src.helpers.data_loader | [PROCESS LOADING DATA] BTCUSDT | 15m
2026-04-13 04:56:02 | INFO | src.helpers.data_loader | [DF VALIDATION] latest=1775948400 current=1776036362 delay=87962s
2026-04-13 04:56:02 | WARNING | src.helpers.data_loader | [DF STALE] delay=87962s > allowed=120s
2026-04-13 04:56:02 | WARNING | src.helpers.data_loader | [NO DATA] BTCUSDT | 15m
2026-04-13 04:56:02 | INFO | src.helpers.data_loader | [MULTI TF DONE] BTCUSDT | results=3
2026-04-13 04:56:02 | INFO | src.services.analysis | [ASSEMBLE REPORT] symbol=BTCUSDT
2026-04-13 04:56:02 | WARNING | src.services.analysis | [SKIP TF] BTCUSDT | 1m
2026-04-13 04:56:02 | WARNING | src.services.analysis | [SKIP TF] BTCUSDT | 5m
2026-04-13 04:56:02 | WARNING | src.services.analysis | [SKIP TF] BTCUSDT | 15m
2026-04-13 04:56:02 | WARNING | src.services.analysis | [NO VALID TF FEATURES] symbol=BTCUSDT
2026-04-13 04:56:32 | INFO | src.helpers.data_loader | [WORKER START] BTCUSDT | 5m | pid=16078
2026-04-13 04:56:32 | INFO | src.helpers.data_loader | [PROCESS LOADING DATA] BTCUSDT | 5m
2026-04-13 04:56:32 | INFO | src.helpers.data_loader | [DF VALIDATION] latest=1775949300 current=1776036392 delay=87092s
2026-04-13 04:56:32 | WARNING | src.helpers.data_loader | [DF STALE] delay=87092s > allowed=120s
2026-04-13 04:56:32 | WARNING | src.helpers.data_loader | [NO DATA] BTCUSDT | 5m
2026-04-13 04:56:32 | INFO | src.helpers.data_loader | [WORKER START] BTCUSDT | 15m | pid=16078
2026-04-13 04:56:32 | INFO | src.helpers.data_loader | [PROCESS LOADING DATA] BTCUSDT | 15m
2026-04-13 04:56:32 | INFO | src.helpers.data_loader | [DF VALIDATION] latest=1775948400 current=1776036392 delay=87992s
2026-04-13 04:56:32 | WARNING | src.helpers.data_loader | [DF STALE] delay=87992s > allowed=120s
2026-04-13 04:56:32 | WARNING | src.helpers.data_loader | [NO DATA] BTCUSDT | 15m
2026-04-13 04:56:32 | INFO | src.helpers.data_loader | [MULTI TF DONE] BTCUSDT | results=3
2026-04-13 04:56:32 | INFO | src.services.analysis | [ASSEMBLE REPORT] symbol=BTCUSDT
2026-04-13 04:56:32 | INFO | src.services.analysis | [BUILD TF FEATURES] BTCUSDT | 1m
2026-04-13 04:56:32 | ERROR | src.services.analysis | [TF FEATURE ERROR] 'ema20'
Traceback (most recent call last):
  File "/home/harsh-bansal/JAIGIRRAJDHARAN/ai-trade-insights-project/.venv/lib/python3.13/site-packages/pandas/core/indexes/base.py", line 3641, in get_loc
    return self._engine.get_loc(casted_key)
           ~~~~~~~~~~~~~~~~~~~~^^^^^^^^^^^^
  File "pandas/_libs/index.pyx", line 168, in pandas._libs.index.IndexEngine.get_loc
  File "pandas/_libs/index.pyx", line 197, in pandas._libs.index.IndexEngine.get_loc
  File "pandas/_libs/hashtable_class_helper.pxi", line 7668, in pandas._libs.hashtable.PyObjectHashTable.get_item
  File "pandas/_libs/hashtable_class_helper.pxi", line 7676, in pandas._libs.hashtable.PyObjectHashTable.get_item
KeyError: 'ema20'

The above exception was the direct cause of the following exception:

Traceback (most recent call last):
  File "/home/harsh-bansal/JAIGIRRAJDHARAN/ai-trade-insights-project/src/services/analysis.py", line 219, in build_timeframe_features
    trend = get_trend(df)
  File "/home/harsh-bansal/JAIGIRRAJDHARAN/ai-trade-insights-project/src/helpers/indicator_features.py", line 5, in get_trend
    ema20 = df["ema20"].iloc[-1]
            ~~^^^^^^^^^
  File "/home/harsh-bansal/JAIGIRRAJDHARAN/ai-trade-insights-project/.venv/lib/python3.13/site-packages/pandas/core/frame.py", line 4378, in __getitem__
    indexer = self.columns.get_loc(key)
  File "/home/harsh-bansal/JAIGIRRAJDHARAN/ai-trade-insights-project/.venv/lib/python3.13/site-packages/pandas/core/indexes/base.py", line 3648, in get_loc
    raise KeyError(key) from err
KeyError: 'ema20'
2026-04-13 04:56:32 | ERROR | src.services.analysis | [TF BUILD ERROR] BTCUSDT | 1m | 'ema20'
Traceback (most recent call last):
  File "/home/harsh-bansal/JAIGIRRAJDHARAN/ai-trade-insights-project/.venv/lib/python3.13/site-packages/pandas/core/indexes/base.py", line 3641, in get_loc
    return self._engine.get_loc(casted_key)
           ~~~~~~~~~~~~~~~~~~~~^^^^^^^^^^^^
  File "pandas/_libs/index.pyx", line 168, in pandas._libs.index.IndexEngine.get_loc
  File "pandas/_libs/index.pyx", line 197, in pandas._libs.index.IndexEngine.get_loc
  File "pandas/_libs/hashtable_class_helper.pxi", line 7668, in pandas._libs.hashtable.PyObjectHashTable.get_item
  File "pandas/_libs/hashtable_class_helper.pxi", line 7676, in pandas._libs.hashtable.PyObjectHashTable.get_item
KeyError: 'ema20'

The above exception was the direct cause of the following exception:

Traceback (most recent call last):
  File "/home/harsh-bansal/JAIGIRRAJDHARAN/ai-trade-insights-project/src/services/analysis.py", line 186, in assemble_report
    tf_features[tf] = build_timeframe_features(result["df"], mode)
                      ~~~~~~~~~~~~~~~~~~~~~~~~^^^^^^^^^^^^^^^^^^^^
  File "/home/harsh-bansal/JAIGIRRAJDHARAN/ai-trade-insights-project/src/services/analysis.py", line 219, in build_timeframe_features
    trend = get_trend(df)
  File "/home/harsh-bansal/JAIGIRRAJDHARAN/ai-trade-insights-project/src/helpers/indicator_features.py", line 5, in get_trend
    ema20 = df["ema20"].iloc[-1]
            ~~^^^^^^^^^
  File "/home/harsh-bansal/JAIGIRRAJDHARAN/ai-trade-insights-project/.venv/lib/python3.13/site-packages/pandas/core/frame.py", line 4378, in __getitem__
    indexer = self.columns.get_loc(key)
  File "/home/harsh-bansal/JAIGIRRAJDHARAN/ai-trade-insights-project/.venv/lib/python3.13/site-packages/pandas/core/indexes/base.py", line 3648, in get_loc
    raise KeyError(key) from err
KeyError: 'ema20'
2026-04-13 04:57:05 | INFO | src.helpers.data_loader | [WORKER INIT] Redis ready | pid=16527
2026-04-13 04:57:05 | INFO | src.helpers.data_loader | [MULTI TF START] BTCUSDT | ['1m', '5m', '15m']
2026-04-13 04:57:05 | INFO | src.helpers.data_loader | [WORKER START] BTCUSDT | 1m | pid=16527
2026-04-13 04:57:05 | INFO | src.helpers.data_loader | [PROCESS LOADING DATA] BTCUSDT | 1m
2026-04-13 04:57:57 | INFO | src.helpers.data_loader | [WORKER START] BTCUSDT | 5m | pid=16527
2026-04-13 04:57:57 | INFO | src.helpers.data_loader | [PROCESS LOADING DATA] BTCUSDT | 5m
2026-04-13 04:58:45 | INFO | src.helpers.data_loader | [WORKER START] BTCUSDT | 15m | pid=16527
2026-04-13 04:58:45 | INFO | src.helpers.data_loader | [PROCESS LOADING DATA] BTCUSDT | 15m
2026-04-13 04:59:10 | INFO | src.helpers.data_loader | [MULTI TF DONE] BTCUSDT | results=3
2026-04-13 04:59:10 | INFO | src.services.analysis | [ASSEMBLE REPORT] symbol=BTCUSDT
2026-04-13 04:59:10 | INFO | src.services.analysis | [BUILD TF FEATURES] BTCUSDT | 1m
2026-04-13 04:59:10 | ERROR | src.services.analysis | [TF FEATURE ERROR] 'ema20'
Traceback (most recent call last):
  File "/home/harsh-bansal/JAIGIRRAJDHARAN/ai-trade-insights-project/.venv/lib/python3.13/site-packages/pandas/core/indexes/base.py", line 3641, in get_loc
    return self._engine.get_loc(casted_key)
           ~~~~~~~~~~~~~~~~~~~~^^^^^^^^^^^^
  File "pandas/_libs/index.pyx", line 168, in pandas._libs.index.IndexEngine.get_loc
  File "pandas/_libs/index.pyx", line 197, in pandas._libs.index.IndexEngine.get_loc
  File "pandas/_libs/hashtable_class_helper.pxi", line 7668, in pandas._libs.hashtable.PyObjectHashTable.get_item
  File "pandas/_libs/hashtable_class_helper.pxi", line 7676, in pandas._libs.hashtable.PyObjectHashTable.get_item
KeyError: 'ema20'

The above exception was the direct cause of the following exception:

Traceback (most recent call last):
  File "/home/harsh-bansal/JAIGIRRAJDHARAN/ai-trade-insights-project/src/services/analysis.py", line 219, in build_timeframe_features
    trend = get_trend(df)
  File "/home/harsh-bansal/JAIGIRRAJDHARAN/ai-trade-insights-project/src/helpers/indicator_features.py", line 5, in get_trend
    ema20 = df["ema20"].iloc[-1]
            ~~^^^^^^^^^
  File "/home/harsh-bansal/JAIGIRRAJDHARAN/ai-trade-insights-project/.venv/lib/python3.13/site-packages/pandas/core/frame.py", line 4378, in __getitem__
    indexer = self.columns.get_loc(key)
  File "/home/harsh-bansal/JAIGIRRAJDHARAN/ai-trade-insights-project/.venv/lib/python3.13/site-packages/pandas/core/indexes/base.py", line 3648, in get_loc
    raise KeyError(key) from err
KeyError: 'ema20'
2026-04-13 04:59:10 | ERROR | src.services.analysis | [TF BUILD ERROR] BTCUSDT | 1m | 'ema20'
Traceback (most recent call last):
  File "/home/harsh-bansal/JAIGIRRAJDHARAN/ai-trade-insights-project/.venv/lib/python3.13/site-packages/pandas/core/indexes/base.py", line 3641, in get_loc
    return self._engine.get_loc(casted_key)
           ~~~~~~~~~~~~~~~~~~~~^^^^^^^^^^^^
  File "pandas/_libs/index.pyx", line 168, in pandas._libs.index.IndexEngine.get_loc
  File "pandas/_libs/index.pyx", line 197, in pandas._libs.index.IndexEngine.get_loc
  File "pandas/_libs/hashtable_class_helper.pxi", line 7668, in pandas._libs.hashtable.PyObjectHashTable.get_item
  File "pandas/_libs/hashtable_class_helper.pxi", line 7676, in pandas._libs.hashtable.PyObjectHashTable.get_item
KeyError: 'ema20'

The above exception was the direct cause of the following exception:

Traceback (most recent call last):
  File "/home/harsh-bansal/JAIGIRRAJDHARAN/ai-trade-insights-project/src/services/analysis.py", line 186, in assemble_report
    tf_features[tf] = build_timeframe_features(result["df"], mode)
                      ~~~~~~~~~~~~~~~~~~~~~~~~^^^^^^^^^^^^^^^^^^^^
  File "/home/harsh-bansal/JAIGIRRAJDHARAN/ai-trade-insights-project/src/services/analysis.py", line 219, in build_timeframe_features
    trend = get_trend(df)
  File "/home/harsh-bansal/JAIGIRRAJDHARAN/ai-trade-insights-project/src/helpers/indicator_features.py", line 5, in get_trend
    ema20 = df["ema20"].iloc[-1]
            ~~^^^^^^^^^
  File "/home/harsh-bansal/JAIGIRRAJDHARAN/ai-trade-insights-project/.venv/lib/python3.13/site-packages/pandas/core/frame.py", line 4378, in __getitem__
    indexer = self.columns.get_loc(key)
  File "/home/harsh-bansal/JAIGIRRAJDHARAN/ai-trade-insights-project/.venv/lib/python3.13/site-packages/pandas/core/indexes/base.py", line 3648, in get_loc
    raise KeyError(key) from err
KeyError: 'ema20'
2026-04-13 04:59:40 | INFO | src.helpers.data_loader | [WORKER INIT] Redis ready | pid=16880
2026-04-13 04:59:40 | INFO | src.helpers.data_loader | [MULTI TF START] BTCUSDT | ['1m', '5m', '15m']
2026-04-13 04:59:40 | INFO | src.helpers.data_loader | [WORKER START] BTCUSDT | 1m | pid=16880
2026-04-13 04:59:40 | INFO | src.helpers.data_loader | [PROCESS LOADING DATA] BTCUSDT | 1m
2026-04-13 04:59:57 | INFO | src.helpers.data_loader | [WORKER START] BTCUSDT | 5m | pid=16880
2026-04-13 04:59:57 | INFO | src.helpers.data_loader | [PROCESS LOADING DATA] BTCUSDT | 5m
2026-04-13 05:00:22 | INFO | src.helpers.data_loader | [WORKER START] BTCUSDT | 15m | pid=16880
2026-04-13 05:00:22 | INFO | src.helpers.data_loader | [PROCESS LOADING DATA] BTCUSDT | 15m
2026-04-13 05:00:40 | INFO | src.helpers.data_loader | [MULTI TF DONE] BTCUSDT | results=3
2026-04-13 05:00:46 | INFO | src.services.analysis | [ASSEMBLE REPORT] symbol=BTCUSDT
2026-04-13 05:00:59 | INFO | src.services.analysis | [BUILD TF FEATURES] BTCUSDT | 1m
